<?xml version="1.0" encoding="UTF-8"?>
<!-- Generated by org.testng.reporters.JUnitReportReporter -->
<testsuite hostname="DESKTOP-OJFEH9S" failures="0" tests="1" name="runner.test1$runner1" time="11.795" errors="1" timestamp="2023-02-02T18:40:21 IST" skipped="0">
  <testcase classname="runner.test1$runner1" name="runScenario" time="11.795">
    <error message="Cannot invoke &quot;org.openqa.selenium.WebElement.findElement(org.openqa.selenium.By)&quot; because &quot;stepcalender.calender.driver&quot; is null" type="java.lang.NullPointerException">
      <![CDATA[java.lang.NullPointerException: Cannot invoke "org.openqa.selenium.WebElement.findElement(org.openqa.selenium.By)" because "stepcalender.calender.driver" is null
at stepcalender.calender.automate_the_months_and_years(calender.java:38)
at ✽.automate the months and years(file:///C:/Users/DELL/eclipse-workspace/advanced/src/test/resources/feature/calender.feature:10)
]]>
    </error>
  </testcase> <!-- runScenario -->
  <system-out/>
</testsuite> <!-- runner.test1$runner1 -->
